<?xml version="1.0" encoding="UTF-8"?>
<testng-results skipped="2" failed="0" ignored="0" total="2" passed="0">
  <reporter-output>
  </reporter-output>
  <suite name="Suite" duration-ms="562" started-at="2018-08-31T18:28:35Z" finished-at="2018-08-31T18:28:36Z">
    <groups>
      <group name="{Regression}">
        <method signature="Login.TC01_logIn_UI_()[pri:0, instance:com.prevail.profile.Login@1ec78b9]" name="TC01_logIn_UI_" class="com.prevail.profile.Login"/>
        <method signature="Login.TC02_logIn_ForgotPassword()[pri:0, instance:com.prevail.profile.Login@1ec78b9]" name="TC02_logIn_ForgotPassword" class="com.prevail.profile.Login"/>
      </group> <!-- {Regression} -->
    </groups>
    <test name="Firefoxtest_Test" duration-ms="562" started-at="2018-08-31T18:28:35Z" finished-at="2018-08-31T18:28:36Z">
      <class name="com.prevail.profile.Login">
        <test-method status="PASS" signature="cleanUp(org.testng.xml.XmlTest)[pri:0, instance:com.prevail.profile.Login@1ec78b9]" name="cleanUp" is-config="true" duration-ms="101" started-at="2018-08-31T18:28:35Z" finished-at="2018-08-31T18:28:35Z">
          <params>
            <param index="0">
              <value>
                <![CDATA[org.testng.xml.XmlTest@4bff46ab]]>
              </value>
            </param>
          </params>
          <reporter-output>
          </reporter-output>
        </test-method> <!-- cleanUp -->
        <test-method status="FAIL" signature="initialize(org.testng.xml.XmlTest)[pri:0, instance:com.prevail.profile.Login@1ec78b9]" name="initialize" is-config="true" duration-ms="442" started-at="2018-08-31T18:28:35Z" finished-at="2018-08-31T18:28:36Z">
          <params>
            <param index="0">
              <value>
                <![CDATA[org.testng.xml.XmlTest@4bff46ab]]>
              </value>
            </param>
          </params>
          <exception class="java.lang.NoClassDefFoundError">
            <message>
              <![CDATA[freemarker/template/TemplateException]]>
            </message>
            <full-stacktrace>
              <![CDATA[java.lang.NoClassDefFoundError: freemarker/template/TemplateException
at com.relevantcodes.extentreports.ExtentReports.<init>(ExtentReports.java:85)
at com.relevantcodes.extentreports.ExtentReports.<init>(ExtentReports.java:374)
at com.prevail.utilgeneric.BaseTest.initialize(BaseTest.java:107)
at sun.reflect.NativeMethodAccessorImpl.invoke0(Native Method)
at sun.reflect.NativeMethodAccessorImpl.invoke(NativeMethodAccessorImpl.java:62)
at sun.reflect.DelegatingMethodAccessorImpl.invoke(DelegatingMethodAccessorImpl.java:43)
at java.lang.reflect.Method.invoke(Method.java:497)
at org.testng.internal.MethodInvocationHelper.invokeMethod(MethodInvocationHelper.java:124)
at org.testng.internal.MethodInvocationHelper.invokeMethodConsideringTimeout(MethodInvocationHelper.java:59)
at org.testng.internal.Invoker.invokeConfigurationMethod(Invoker.java:455)
at org.testng.internal.Invoker.invokeConfigurations(Invoker.java:222)
at org.testng.internal.Invoker.invokeConfigurations(Invoker.java:142)
at org.testng.internal.TestMethodWorker.invokeBeforeClassMethods(TestMethodWorker.java:168)
at org.testng.internal.TestMethodWorker.run(TestMethodWorker.java:105)
at org.testng.TestRunner.privateRun(TestRunner.java:648)
at org.testng.TestRunner.run(TestRunner.java:505)
at org.testng.SuiteRunner.runTest(SuiteRunner.java:455)
at org.testng.SuiteRunner.access$000(SuiteRunner.java:40)
at org.testng.SuiteRunner$SuiteWorker.run(SuiteRunner.java:489)
at org.testng.internal.thread.ThreadUtil$1.call(ThreadUtil.java:52)
at java.util.concurrent.FutureTask.run(FutureTask.java:266)
at java.util.concurrent.ThreadPoolExecutor.runWorker(ThreadPoolExecutor.java:1142)
at java.util.concurrent.ThreadPoolExecutor$Worker.run(ThreadPoolExecutor.java:617)
at java.lang.Thread.run(Thread.java:745)
Caused by: java.lang.ClassNotFoundException: freemarker.template.TemplateException
at java.net.URLClassLoader.findClass(URLClassLoader.java:381)
at java.lang.ClassLoader.loadClass(ClassLoader.java:424)
at sun.misc.Launcher$AppClassLoader.loadClass(Launcher.java:331)
at java.lang.ClassLoader.loadClass(ClassLoader.java:357)
... 24 more
]]>
            </full-stacktrace>
          </exception> <!-- java.lang.NoClassDefFoundError -->
          <reporter-output>
          </reporter-output>
        </test-method> <!-- initialize -->
        <test-method status="SKIP" signature="extReport(java.lang.reflect.Method, org.testng.xml.XmlTest)[pri:0, instance:com.prevail.profile.Login@1ec78b9]" name="extReport" is-config="true" duration-ms="0" started-at="2018-08-31T18:28:36Z" finished-at="2018-08-31T18:28:36Z">
          <reporter-output>
          </reporter-output>
        </test-method> <!-- extReport -->
        <test-method status="SKIP" signature="TC01_logIn_UI_()[pri:0, instance:com.prevail.profile.Login@1ec78b9]" name="TC01_logIn_UI_" duration-ms="0" started-at="2018-08-31T18:28:36Z" description="124615" finished-at="2018-08-31T18:28:36Z">
          <exception class="java.lang.NoClassDefFoundError">
            <message>
              <![CDATA[freemarker/template/TemplateException]]>
            </message>
            <full-stacktrace>
              <![CDATA[java.lang.NoClassDefFoundError: freemarker/template/TemplateException
at com.relevantcodes.extentreports.ExtentReports.<init>(ExtentReports.java:85)
at com.relevantcodes.extentreports.ExtentReports.<init>(ExtentReports.java:374)
at com.prevail.utilgeneric.BaseTest.initialize(BaseTest.java:107)
at sun.reflect.NativeMethodAccessorImpl.invoke0(Native Method)
at sun.reflect.NativeMethodAccessorImpl.invoke(NativeMethodAccessorImpl.java:62)
at sun.reflect.DelegatingMethodAccessorImpl.invoke(DelegatingMethodAccessorImpl.java:43)
at java.lang.reflect.Method.invoke(Method.java:497)
at org.testng.internal.MethodInvocationHelper.invokeMethod(MethodInvocationHelper.java:124)
at org.testng.internal.MethodInvocationHelper.invokeMethodConsideringTimeout(MethodInvocationHelper.java:59)
at org.testng.internal.Invoker.invokeConfigurationMethod(Invoker.java:455)
at org.testng.internal.Invoker.invokeConfigurations(Invoker.java:222)
at org.testng.internal.Invoker.invokeConfigurations(Invoker.java:142)
at org.testng.internal.TestMethodWorker.invokeBeforeClassMethods(TestMethodWorker.java:168)
at org.testng.internal.TestMethodWorker.run(TestMethodWorker.java:105)
at org.testng.TestRunner.privateRun(TestRunner.java:648)
at org.testng.TestRunner.run(TestRunner.java:505)
at org.testng.SuiteRunner.runTest(SuiteRunner.java:455)
at org.testng.SuiteRunner.access$000(SuiteRunner.java:40)
at org.testng.SuiteRunner$SuiteWorker.run(SuiteRunner.java:489)
at org.testng.internal.thread.ThreadUtil$1.call(ThreadUtil.java:52)
at java.util.concurrent.FutureTask.run(FutureTask.java:266)
at java.util.concurrent.ThreadPoolExecutor.runWorker(ThreadPoolExecutor.java:1142)
at java.util.concurrent.ThreadPoolExecutor$Worker.run(ThreadPoolExecutor.java:617)
at java.lang.Thread.run(Thread.java:745)
Caused by: java.lang.ClassNotFoundException: freemarker.template.TemplateException
at java.net.URLClassLoader.findClass(URLClassLoader.java:381)
at java.lang.ClassLoader.loadClass(ClassLoader.java:424)
at sun.misc.Launcher$AppClassLoader.loadClass(Launcher.java:331)
at java.lang.ClassLoader.loadClass(ClassLoader.java:357)
... 24 more
]]>
            </full-stacktrace>
          </exception> <!-- java.lang.NoClassDefFoundError -->
          <reporter-output>
          </reporter-output>
        </test-method> <!-- TC01_logIn_UI_ -->
        <test-method status="SKIP" signature="endTest(java.lang.reflect.Method, org.testng.xml.XmlTest)[pri:0, instance:com.prevail.profile.Login@1ec78b9]" name="endTest" is-config="true" duration-ms="0" started-at="2018-08-31T18:28:36Z" finished-at="2018-08-31T18:28:36Z">
          <reporter-output>
          </reporter-output>
        </test-method> <!-- endTest -->
        <test-method status="SKIP" signature="extReport(java.lang.reflect.Method, org.testng.xml.XmlTest)[pri:0, instance:com.prevail.profile.Login@1ec78b9]" name="extReport" is-config="true" duration-ms="0" started-at="2018-08-31T18:28:36Z" finished-at="2018-08-31T18:28:36Z">
          <reporter-output>
          </reporter-output>
        </test-method> <!-- extReport -->
        <test-method status="SKIP" signature="TC02_logIn_ForgotPassword()[pri:0, instance:com.prevail.profile.Login@1ec78b9]" name="TC02_logIn_ForgotPassword" duration-ms="0" started-at="2018-08-31T18:28:36Z" description="148631" finished-at="2018-08-31T18:28:36Z">
          <exception class="java.lang.NoClassDefFoundError">
            <message>
              <![CDATA[freemarker/template/TemplateException]]>
            </message>
            <full-stacktrace>
              <![CDATA[java.lang.NoClassDefFoundError: freemarker/template/TemplateException
at com.relevantcodes.extentreports.ExtentReports.<init>(ExtentReports.java:85)
at com.relevantcodes.extentreports.ExtentReports.<init>(ExtentReports.java:374)
at com.prevail.utilgeneric.BaseTest.initialize(BaseTest.java:107)
at sun.reflect.NativeMethodAccessorImpl.invoke0(Native Method)
at sun.reflect.NativeMethodAccessorImpl.invoke(NativeMethodAccessorImpl.java:62)
at sun.reflect.DelegatingMethodAccessorImpl.invoke(DelegatingMethodAccessorImpl.java:43)
at java.lang.reflect.Method.invoke(Method.java:497)
at org.testng.internal.MethodInvocationHelper.invokeMethod(MethodInvocationHelper.java:124)
at org.testng.internal.MethodInvocationHelper.invokeMethodConsideringTimeout(MethodInvocationHelper.java:59)
at org.testng.internal.Invoker.invokeConfigurationMethod(Invoker.java:455)
at org.testng.internal.Invoker.invokeConfigurations(Invoker.java:222)
at org.testng.internal.Invoker.invokeConfigurations(Invoker.java:142)
at org.testng.internal.TestMethodWorker.invokeBeforeClassMethods(TestMethodWorker.java:168)
at org.testng.internal.TestMethodWorker.run(TestMethodWorker.java:105)
at org.testng.TestRunner.privateRun(TestRunner.java:648)
at org.testng.TestRunner.run(TestRunner.java:505)
at org.testng.SuiteRunner.runTest(SuiteRunner.java:455)
at org.testng.SuiteRunner.access$000(SuiteRunner.java:40)
at org.testng.SuiteRunner$SuiteWorker.run(SuiteRunner.java:489)
at org.testng.internal.thread.ThreadUtil$1.call(ThreadUtil.java:52)
at java.util.concurrent.FutureTask.run(FutureTask.java:266)
at java.util.concurrent.ThreadPoolExecutor.runWorker(ThreadPoolExecutor.java:1142)
at java.util.concurrent.ThreadPoolExecutor$Worker.run(ThreadPoolExecutor.java:617)
at java.lang.Thread.run(Thread.java:745)
Caused by: java.lang.ClassNotFoundException: freemarker.template.TemplateException
at java.net.URLClassLoader.findClass(URLClassLoader.java:381)
at java.lang.ClassLoader.loadClass(ClassLoader.java:424)
at sun.misc.Launcher$AppClassLoader.loadClass(Launcher.java:331)
at java.lang.ClassLoader.loadClass(ClassLoader.java:357)
... 24 more
]]>
            </full-stacktrace>
          </exception> <!-- java.lang.NoClassDefFoundError -->
          <reporter-output>
          </reporter-output>
        </test-method> <!-- TC02_logIn_ForgotPassword -->
        <test-method status="SKIP" signature="endTest(java.lang.reflect.Method, org.testng.xml.XmlTest)[pri:0, instance:com.prevail.profile.Login@1ec78b9]" name="endTest" is-config="true" duration-ms="0" started-at="2018-08-31T18:28:36Z" finished-at="2018-08-31T18:28:36Z">
          <reporter-output>
          </reporter-output>
        </test-method> <!-- endTest -->
        <test-method status="SKIP" signature="endTest(org.testng.xml.XmlTest)[pri:0, instance:com.prevail.profile.Login@1ec78b9]" name="endTest" is-config="true" duration-ms="0" started-at="2018-08-31T18:28:36Z" finished-at="2018-08-31T18:28:36Z">
          <reporter-output>
          </reporter-output>
        </test-method> <!-- endTest -->
        <test-method status="SKIP" signature="tearDown(org.testng.xml.XmlTest)[pri:0, instance:com.prevail.profile.Login@1ec78b9]" name="tearDown" is-config="true" duration-ms="0" started-at="2018-08-31T18:28:36Z" finished-at="2018-08-31T18:28:36Z">
          <reporter-output>
          </reporter-output>
        </test-method> <!-- tearDown -->
      </class> <!-- com.prevail.profile.Login -->
    </test> <!-- Firefoxtest_Test -->
  </suite> <!-- Suite -->
</testng-results>
