<?xml version="1.0" encoding="UTF-8"?>
<!-- Generated by org.testng.reporters.JUnitReportReporter -->
<testsuite skipped="0" hostname="B2-LAP-SSURESH7" name="com.prevail.shopnav.Header" tests="11" failures="2" timestamp="18 Dec 2017 10:33:59 GMT" time="147.540" errors="1">
  <testcase name="TC09_Header_TooltipText" time="7.561" classname="com.prevail.shopnav.Header"/>
  <testcase name="TC04_StoreLocator_Navigation" time="7.180" classname="com.prevail.shopnav.Header"/>
  <testcase name="TC08_MyAccountDroDownUI_Verification" time="30.494" classname="com.prevail.shopnav.Header"/>
  <testcase name="TC10_CountryDropDown_Navigation" time="11.650" classname="com.prevail.shopnav.Header">
    <error type="org.openqa.selenium.support.ui.UnexpectedTagNameException" message="Element should have been &quot;select&quot; but was &quot;a&quot;
Build info: version: &#039;unknown&#039;, revision: &#039;unknown&#039;, time: &#039;unknown&#039;
System info: host: &#039;B2-LAP-SSURESH7&#039;, ip: &#039;10.27.208.61&#039;, os.name: &#039;Windows 7&#039;, os.arch: &#039;amd64&#039;, os.version: &#039;6.1&#039;, java.version: &#039;1.8.0_112&#039;
Driver info: driver.version: unknown">
      <![CDATA[org.openqa.selenium.support.ui.UnexpectedTagNameException: Element should have been "select" but was "a"
Build info: version: 'unknown', revision: 'unknown', time: 'unknown'
System info: host: 'B2-LAP-SSURESH7', ip: '10.27.208.61', os.name: 'Windows 7', os.arch: 'amd64', os.version: '6.1', java.version: '1.8.0_112'
Driver info: driver.version: unknown
	at org.openqa.selenium.support.ui.Select.<init>(Select.java:47)
	at com.prevail.projectspec.GlobalFunctions.handlingDropdown(GlobalFunctions.java:125)
	at com.prevail.shopnav.Header.TC10_CountryDropDown_Navigation(Header.java:238)
	at sun.reflect.NativeMethodAccessorImpl.invoke0(Native Method)
	at sun.reflect.NativeMethodAccessorImpl.invoke(Unknown Source)
	at sun.reflect.DelegatingMethodAccessorImpl.invoke(Unknown Source)
	at java.lang.reflect.Method.invoke(Unknown Source)
	at org.testng.internal.MethodInvocationHelper.invokeMethod(MethodInvocationHelper.java:108)
	at org.testng.internal.Invoker.invokeMethod(Invoker.java:661)
	at org.testng.internal.Invoker.invokeTestMethod(Invoker.java:869)
	at org.testng.internal.Invoker.invokeTestMethods(Invoker.java:1193)
	at org.testng.internal.TestMethodWorker.invokeTestMethods(TestMethodWorker.java:126)
	at org.testng.internal.TestMethodWorker.run(TestMethodWorker.java:109)
	at org.testng.TestRunner.privateRun(TestRunner.java:744)
	at org.testng.TestRunner.run(TestRunner.java:602)
	at org.testng.SuiteRunner.runTest(SuiteRunner.java:380)
	at org.testng.SuiteRunner.access$000(SuiteRunner.java:39)
	at org.testng.SuiteRunner$SuiteWorker.run(SuiteRunner.java:414)
	at org.testng.internal.thread.ThreadUtil$1.call(ThreadUtil.java:52)
	at java.util.concurrent.FutureTask.run(Unknown Source)
	at java.util.concurrent.ThreadPoolExecutor.runWorker(Unknown Source)
	at java.util.concurrent.ThreadPoolExecutor$Worker.run(Unknown Source)
	at java.lang.Thread.run(Unknown Source)
]]>
    </error>
  </testcase> <!-- TC10_CountryDropDown_Navigation -->
  <testcase name="TC05_RegisterLink_Navigation" time="5.677" classname="com.prevail.shopnav.Header"/>
  <testcase name="TC01_Header_MyAccDropdown_UI" time="1.039" classname="com.prevail.shopnav.Header"/>
  <testcase name="TC03_Minicart_Navigation" time="4.970" classname="com.prevail.shopnav.Header"/>
  <testcase name="TC06_TopSellerCategory_Navigation" time="12.880" classname="com.prevail.shopnav.Header"/>
  <testcase name="TC07_MyAccountDroDownNavigation" time="43.499" classname="com.prevail.shopnav.Header">
    <failure type="java.lang.AssertionError" message="The following asserts failed:
	expected [Find Someone&#039;s Gift Registry • required] but found [Find Someone&#039;s Gift Registry • REQUIRED]">
      <![CDATA[java.lang.AssertionError: The following asserts failed:
	expected [Find Someone's Gift Registry • required] but found [Find Someone's Gift Registry • REQUIRED]
	at org.testng.asserts.SoftAssert.assertAll(SoftAssert.java:43)
	at com.prevail.shopnav.Header.TC07_MyAccountDroDownNavigation(Header.java:174)
	at sun.reflect.NativeMethodAccessorImpl.invoke0(Native Method)
	at sun.reflect.NativeMethodAccessorImpl.invoke(Unknown Source)
	at sun.reflect.DelegatingMethodAccessorImpl.invoke(Unknown Source)
	at java.lang.reflect.Method.invoke(Unknown Source)
	at org.testng.internal.MethodInvocationHelper.invokeMethod(MethodInvocationHelper.java:108)
	at org.testng.internal.Invoker.invokeMethod(Invoker.java:661)
	at org.testng.internal.Invoker.invokeTestMethod(Invoker.java:869)
	at org.testng.internal.Invoker.invokeTestMethods(Invoker.java:1193)
	at org.testng.internal.TestMethodWorker.invokeTestMethods(TestMethodWorker.java:126)
	at org.testng.internal.TestMethodWorker.run(TestMethodWorker.java:109)
	at org.testng.TestRunner.privateRun(TestRunner.java:744)
	at org.testng.TestRunner.run(TestRunner.java:602)
	at org.testng.SuiteRunner.runTest(SuiteRunner.java:380)
	at org.testng.SuiteRunner.access$000(SuiteRunner.java:39)
	at org.testng.SuiteRunner$SuiteWorker.run(SuiteRunner.java:414)
	at org.testng.internal.thread.ThreadUtil$1.call(ThreadUtil.java:52)
	at java.util.concurrent.FutureTask.run(Unknown Source)
	at java.util.concurrent.ThreadPoolExecutor.runWorker(Unknown Source)
	at java.util.concurrent.ThreadPoolExecutor$Worker.run(Unknown Source)
	at java.lang.Thread.run(Unknown Source)
]]>
    </failure>
  </testcase> <!-- TC07_MyAccountDroDownNavigation -->
  <testcase name="TC02_Header_UI" time="13.147" classname="com.prevail.shopnav.Header">
    <failure type="java.lang.AssertionError" message="The following asserts failed:
	Search TextBox is displayed expected [true] but found [false],
	expected [United States] but found [Enter Keyword or Item No.]">
      <![CDATA[java.lang.AssertionError: The following asserts failed:
	Search TextBox is displayed expected [true] but found [false],
	expected [United States] but found [Enter Keyword or Item No.]
	at org.testng.asserts.SoftAssert.assertAll(SoftAssert.java:43)
	at com.prevail.shopnav.Header.TC02_Header_UI(Header.java:75)
	at sun.reflect.NativeMethodAccessorImpl.invoke0(Native Method)
	at sun.reflect.NativeMethodAccessorImpl.invoke(Unknown Source)
	at sun.reflect.DelegatingMethodAccessorImpl.invoke(Unknown Source)
	at java.lang.reflect.Method.invoke(Unknown Source)
	at org.testng.internal.MethodInvocationHelper.invokeMethod(MethodInvocationHelper.java:108)
	at org.testng.internal.Invoker.invokeMethod(Invoker.java:661)
	at org.testng.internal.Invoker.invokeTestMethod(Invoker.java:869)
	at org.testng.internal.Invoker.invokeTestMethods(Invoker.java:1193)
	at org.testng.internal.TestMethodWorker.invokeTestMethods(TestMethodWorker.java:126)
	at org.testng.internal.TestMethodWorker.run(TestMethodWorker.java:109)
	at org.testng.TestRunner.privateRun(TestRunner.java:744)
	at org.testng.TestRunner.run(TestRunner.java:602)
	at org.testng.SuiteRunner.runTest(SuiteRunner.java:380)
	at org.testng.SuiteRunner.access$000(SuiteRunner.java:39)
	at org.testng.SuiteRunner$SuiteWorker.run(SuiteRunner.java:414)
	at org.testng.internal.thread.ThreadUtil$1.call(ThreadUtil.java:52)
	at java.util.concurrent.FutureTask.run(Unknown Source)
	at java.util.concurrent.ThreadPoolExecutor.runWorker(Unknown Source)
	at java.util.concurrent.ThreadPoolExecutor$Worker.run(Unknown Source)
	at java.lang.Thread.run(Unknown Source)
]]>
    </failure>
  </testcase> <!-- TC02_Header_UI -->
  <testcase name="TC00_Header_LoginLink_navigation" time="9.443" classname="com.prevail.shopnav.Header"/>
</testsuite> <!-- com.prevail.shopnav.Header -->
