<?xml version="1.0" encoding="UTF-8"?>
<!-- Generated by org.testng.reporters.JUnitXMLReporter -->
<testsuite hostname="LAPTOP-E36DAG2Q" ignored="0" name="Firefox_Test" tests="2" failures="0" timestamp="11 Aug 2018 12:24:52 GMT" time="40.377" errors="0">
  <testcase name="@BeforeClass initialize" time="40.317" classname="com.prevail.utilgeneric.BaseTest">
    <failure type="org.openqa.selenium.WebDriverException" message="Failed to find width field
Build info: version: &amp;apos;unknown&amp;apos;, revision: &amp;apos;unknown&amp;apos;, time: &amp;apos;unknown&amp;apos;
System info: host: &amp;apos;LAPTOP-E36DAG2Q&amp;apos;, ip: &amp;apos;192.168.0.12&amp;apos;, os.name: &amp;apos;Windows 8.1&amp;apos;, os.arch: &amp;apos;x86&amp;apos;, os.version: &amp;apos;6.3&amp;apos;, java.version: &amp;apos;1.8.0_40&amp;apos;
Driver info: org.openqa.selenium.firefox.FirefoxDriver
Capabilities [{moz:profile=C:\Users\Vasu\AppData\Local\Temp\rust_mozprofile.fzKP3ztI18MZ, rotatable=false, timeouts={implicit=0, pageLoad=300000, script=30000}, pageLoadStrategy=normal, platform=XP, specificationLevel=0, moz:accessibilityChecks=false, acceptInsecureCerts=true, browserVersion=54.0.1, platformVersion=10.0, moz:processID=14152, browserName=firefox, javascriptEnabled=true, platformName=XP}]
Session ID: f4a1b6ee-2053-4e3b-9447-d8052f1d294a">
      <![CDATA[org.openqa.selenium.WebDriverException: Failed to find width field
Build info: version: 'unknown', revision: 'unknown', time: 'unknown'
System info: host: 'LAPTOP-E36DAG2Q', ip: '192.168.0.12', os.name: 'Windows 8.1', os.arch: 'x86', os.version: '6.3', java.version: '1.8.0_40'
Driver info: org.openqa.selenium.firefox.FirefoxDriver
Capabilities [{moz:profile=C:\Users\Vasu\AppData\Local\Temp\rust_mozprofile.fzKP3ztI18MZ, rotatable=false, timeouts={implicit=0, pageLoad=300000, script=30000}, pageLoadStrategy=normal, platform=XP, specificationLevel=0, moz:accessibilityChecks=false, acceptInsecureCerts=true, browserVersion=54.0.1, platformVersion=10.0, moz:processID=14152, browserName=firefox, javascriptEnabled=true, platformName=XP}]
Session ID: f4a1b6ee-2053-4e3b-9447-d8052f1d294a
at org.openqa.selenium.remote.http.W3CHttpResponseCodec.createException(W3CHttpResponseCodec.java:185)
at org.openqa.selenium.remote.http.W3CHttpResponseCodec.decode(W3CHttpResponseCodec.java:120)
at org.openqa.selenium.remote.http.W3CHttpResponseCodec.decode(W3CHttpResponseCodec.java:49)
at org.openqa.selenium.remote.HttpCommandExecutor.execute(HttpCommandExecutor.java:164)
at org.openqa.selenium.remote.service.DriverCommandExecutor.execute(DriverCommandExecutor.java:82)
at org.openqa.selenium.remote.RemoteWebDriver.execute(RemoteWebDriver.java:646)
at org.openqa.selenium.remote.RemoteWebDriver.execute(RemoteWebDriver.java:703)
at org.openqa.selenium.remote.RemoteWebDriver$RemoteWebDriverOptions$RemoteWindow.maximize(RemoteWebDriver.java:934)
at com.prevail.utilgeneric.BaseTest.initialize(BaseTest.java:158)
at java.util.concurrent.FutureTask.run(FutureTask.java:266)
at java.util.concurrent.ThreadPoolExecutor.runWorker(ThreadPoolExecutor.java:1142)
at java.util.concurrent.ThreadPoolExecutor$Worker.run(ThreadPoolExecutor.java:617)
at java.lang.Thread.run(Thread.java:745)
... Removed 21 stack frames]]>
    </failure>
  </testcase> <!-- @BeforeClass initialize -->
  <testcase name="@BeforeMethod extReport" time="0.0" classname="com.prevail.utilgeneric.BaseTest">
    <skipped/>
  </testcase> <!-- @BeforeMethod extReport -->
  <testcase name="@AfterMethod endTest" time="0.0" classname="com.prevail.utilgeneric.BaseTest">
    <skipped/>
  </testcase> <!-- @AfterMethod endTest -->
  <testcase name="@BeforeMethod extReport" time="0.0" classname="com.prevail.utilgeneric.BaseTest">
    <skipped/>
  </testcase> <!-- @BeforeMethod extReport -->
  <testcase name="@AfterMethod endTest" time="0.0" classname="com.prevail.utilgeneric.BaseTest">
    <skipped/>
  </testcase> <!-- @AfterMethod endTest -->
  <testcase name="@AfterTest endTest" time="0.0" classname="com.prevail.utilgeneric.BaseTest">
    <skipped/>
  </testcase> <!-- @AfterTest endTest -->
  <testcase name="TC01_logIn_UI_" time="0.0" classname="com.prevail.profile.Login">
    <skipped/>
  </testcase> <!-- TC01_logIn_UI_ -->
  <testcase name="TC02_logIn_ForgotPassword" time="0.0" classname="com.prevail.profile.Login">
    <skipped/>
  </testcase> <!-- TC02_logIn_ForgotPassword -->
</testsuite> <!-- Firefox_Test -->
