<?xml version="1.0" encoding="UTF-8"?>
<!-- Generated by org.testng.reporters.JUnitXMLReporter -->
<testsuite hostname="LAPTOP-E36DAG2Q" ignored="0" name="FirefoxTest" tests="2" failures="0" timestamp="11 Aug 2018 11:38:11 GMT" time="0.213" errors="0">
  <testcase name="@BeforeClass initialize" time="0.118" classname="com.prevail.utilgeneric.BaseTest">
    <failure type="java.lang.NoClassDefFoundError" message="freemarker/template/TemplateException">
      <![CDATA[java.lang.NoClassDefFoundError: freemarker/template/TemplateException
at com.relevantcodes.extentreports.ExtentReports.<init>(ExtentReports.java:85)
at com.relevantcodes.extentreports.ExtentReports.<init>(ExtentReports.java:374)
at com.prevail.utilgeneric.BaseTest.initialize(BaseTest.java:105)
Caused by: java.lang.ClassNotFoundException: freemarker.template.TemplateException
at java.net.URLClassLoader.findClass(URLClassLoader.java:381)
at java.lang.ClassLoader.loadClass(ClassLoader.java:424)
at sun.misc.Launcher$AppClassLoader.loadClass(Launcher.java:331)
at java.lang.ClassLoader.loadClass(ClassLoader.java:357)
... 29 more
... Removed 26 stack frames]]>
    </failure>
  </testcase> <!-- @BeforeClass initialize -->
  <testcase name="@BeforeMethod extReport" time="0.0" classname="com.prevail.utilgeneric.BaseTest">
    <skipped/>
  </testcase> <!-- @BeforeMethod extReport -->
  <testcase name="@AfterMethod endTest" time="0.0" classname="com.prevail.utilgeneric.BaseTest">
    <skipped/>
  </testcase> <!-- @AfterMethod endTest -->
  <testcase name="@BeforeMethod extReport" time="0.0" classname="com.prevail.utilgeneric.BaseTest">
    <skipped/>
  </testcase> <!-- @BeforeMethod extReport -->
  <testcase name="@AfterMethod endTest" time="0.0" classname="com.prevail.utilgeneric.BaseTest">
    <skipped/>
  </testcase> <!-- @AfterMethod endTest -->
  <testcase name="@AfterTest endTest" time="0.0" classname="com.prevail.utilgeneric.BaseTest">
    <skipped/>
  </testcase> <!-- @AfterTest endTest -->
  <testcase name="TC01_logIn_UI_" time="0.0" classname="com.prevail.profile.Login">
    <skipped/>
  </testcase> <!-- TC01_logIn_UI_ -->
  <testcase name="TC02_logIn_ForgotPassword" time="0.0" classname="com.prevail.profile.Login">
    <skipped/>
  </testcase> <!-- TC02_logIn_ForgotPassword -->
</testsuite> <!-- FirefoxTest -->
